# Alone - Version 3.2.2
---------------------------------------
+ Fix JS ajax form donate
+ Update JS Event Manager Pro - paypal
+ Fix style Header 7 form search
+ Fix theme option not load header

# Alone - Version 3.2.1
---------------------------------------
+ Include demo Environment

# Alone - Version 3.2.0
---------------------------------------
+ Include demo Charitable - Donation Plugin

# Alone - Version 3.1.0
---------------------------------------
+ Fix header 1,2,3 on Mobile

# Alone - Version 3.0
---------------------------------------
+ 3 New home page demo
+ 3 New header-menu style
+ 2 New Layouts event
+ 2 New Layout Gallery (images, flickr) - Drag-drop & Resize builder grid